<?xml version="1.0" encoding="UTF-8"?>
<testng-results ignored="0" total="2" passed="2" failed="0" skipped="0">
  <reporter-output>
  </reporter-output>
  <suite started-at="2023-07-04T15:23:57 IST" name="Default suite" finished-at="2023-07-04T15:24:37 IST" duration-ms="40355">
    <groups>
    </groups>
    <test started-at="2023-07-04T15:23:57 IST" name="Default test" finished-at="2023-07-04T15:24:37 IST" duration-ms="40355">
      <class name="test.Saucedemotest">
        <test-method is-config="true" signature="setup()[pri:0, instance:test.Saucedemotest@26e356f0]" started-at="2023-07-04T15:23:57 IST" name="setup" finished-at="2023-07-04T15:24:04 IST" duration-ms="6515" status="PASS">
          <reporter-output>
          </reporter-output>
        </test-method> <!-- setup -->
        <test-method signature="login()[pri:0, instance:test.Saucedemotest@26e356f0]" started-at="2023-07-04T15:24:04 IST" name="login" finished-at="2023-07-04T15:24:04 IST" duration-ms="28" status="PASS">
          <reporter-output>
          </reporter-output>
        </test-method> <!-- login -->
        <test-method signature="test()[pri:0, instance:test.Saucedemotest@26e356f0]" started-at="2023-07-04T15:24:04 IST" name="test" finished-at="2023-07-04T15:24:37 IST" duration-ms="33725" status="PASS">
          <reporter-output>
          </reporter-output>
        </test-method> <!-- test -->
      </class> <!-- test.Saucedemotest -->
    </test> <!-- Default test -->
  </suite> <!-- Default suite -->
</testng-results>
